# JRE version: Java(TM) SE Runtime Environment (8.0_60-b27) (build 1.8.0_60-b27)
# Java VM: Java HotSpot(TM) Client VM (25.60-b23 mixed mode windows-x86 )
Heap:
 def new generation   total 78784K, used 35132K [0x03e00000, 0x09370000, 0x19350000)
  eden space 70080K,  50% used [0x03e00000, 0x0604f3d0, 0x08270000)
  from space 8704K,   0% used [0x08270000, 0x08270000, 0x08af0000)
  to   space 8704K,   0% used [0x08af0000, 0x08af0000, 0x09370000)
 tenured generation   total 174784K, used 71760K [0x19350000, 0x23e00000, 0x43e00000)
   the space 174784K,  41% used [0x19350000, 0x1d9641f8, 0x1d964200, 0x23e00000)
 Metaspace       used 55358K, capacity 58654K, committed 58752K, reserved 58752K
GC Heap History (10 events):
Event: 45.318 GC heap after
Heap after GC invocations=7 (full 3):
 def new generation   total 78720K, used 8704K [0x03e00000, 0x09360000, 0x19350000)
  eden space 70016K,   0% used [0x03e00000, 0x03e00000, 0x08260000)
  from space 8704K, 100% used [0x08ae0000, 0x09360000, 0x09360000)
  to   space 8704K,   0% used [0x08260000, 0x08260000, 0x08ae0000)
 tenured generation   total 174784K, used 78853K [0x19350000, 0x23e00000, 0x43e00000)
   the space 174784K,  45% used [0x19350000, 0x1e0517f0, 0x1e051800, 0x23e00000)
 Metaspace       used 44394K, capacity 47039K, committed 47104K, reserved 47488K
}
Event: 48.462 GC heap before
{Heap before GC invocations=7 (full 3):
 def new generation   total 78720K, used 78720K [0x03e00000, 0x09360000, 0x19350000)
  eden space 70016K, 100% used [0x03e00000, 0x08260000, 0x08260000)
  from space 8704K, 100% used [0x08ae0000, 0x09360000, 0x09360000)
  to   space 8704K,   0% used [0x08260000, 0x08260000, 0x08ae0000)
 tenured generation   total 174784K, used 78853K [0x19350000, 0x23e00000, 0x43e00000)
   the space 174784K,  45% used [0x19350000, 0x1e0517f0, 0x1e051800, 0x23e00000)
 Metaspace       used 47983K, capacity 50839K, committed 50944K, reserved 51584K
Event: 48.550 GC heap after
Heap after GC invocations=8 (full 3):
 def new generation   total 78720K, used 8704K [0x03e00000, 0x09360000, 0x19350000)
  eden space 70016K,   0% used [0x03e00000, 0x03e00000, 0x08260000)
  from space 8704K, 100% used [0x08260000, 0x08ae0000, 0x08ae0000)
  to   space 8704K,   0% used [0x08ae0000, 0x08ae0000, 0x09360000)
 tenured generation   total 174784K, used 87009K [0x19350000, 0x23e00000, 0x43e00000)
   the space 174784K,  49% used [0x19350000, 0x1e848798, 0x1e848800, 0x23e00000)
 Metaspace       used 47983K, capacity 50839K, committed 50944K, reserved 51584K
}
Event: 62.389 GC heap before
{Heap before GC invocations=8 (full 3):
 def new generation   total 78720K, used 78720K [0x03e00000, 0x09360000, 0x19350000)
  eden space 70016K, 100% used [0x03e00000, 0x08260000, 0x08260000)
  from space 8704K, 100% used [0x08260000, 0x08ae0000, 0x08ae0000)
  to   space 8704K,   0% used [0x08ae0000, 0x08ae0000, 0x09360000)
 tenured generation   total 174784K, used 87009K [0x19350000, 0x23e00000, 0x43e00000)
   the space 174784K,  49% used [0x19350000, 0x1e848798, 0x1e848800, 0x23e00000)
 Metaspace       used 52731K, capacity 55914K, committed 56064K, reserved 56704K
Event: 62.473 GC heap after
Heap after GC invocations=9 (full 3):
 def new generation   total 78720K, used 8704K [0x03e00000, 0x09360000, 0x19350000)
  eden space 70016K,   0% used [0x03e00000, 0x03e00000, 0x08260000)
  from space 8704K, 100% used [0x08ae0000, 0x09360000, 0x09360000)
  to   space 8704K,   0% used [0x08260000, 0x08260000, 0x08ae0000)
 tenured generation   total 174784K, used 101469K [0x19350000, 0x23e00000, 0x43e00000)
   the space 174784K,  58% used [0x19350000, 0x1f6676a0, 0x1f667800, 0x23e00000)
 Metaspace       used 52731K, capacity 55914K, committed 56064K, reserved 56704K
}
Event: 77.682 GC heap before
{Heap before GC invocations=9 (full 3):
 def new generation   total 78720K, used 21004K [0x03e00000, 0x09360000, 0x19350000)
  eden space 70016K,  17% used [0x03e00000, 0x04a03070, 0x08260000)
  from space 8704K, 100% used [0x08ae0000, 0x09360000, 0x09360000)
  to   space 8704K,   0% used [0x08260000, 0x08260000, 0x08ae0000)
 tenured generation   total 174784K, used 101469K [0x19350000, 0x23e00000, 0x43e00000)
   the space 174784K,  58% used [0x19350000, 0x1f6676a0, 0x1f667800, 0x23e00000)
 Metaspace       used 53676K, capacity 56853K, committed 56896K, reserved 57728K
Event: 78.100 GC heap after
Heap after GC invocations=10 (full 4):
 def new generation   total 78784K, used 0K [0x03e00000, 0x09370000, 0x19350000)
  eden space 70080K,   0% used [0x03e00000, 0x03e00000, 0x08270000)
  from space 8704K,   0% used [0x08270000, 0x08270000, 0x08af0000)
  to   space 8704K,   0% used [0x08af0000, 0x08af0000, 0x09370000)
 tenured generation   total 174784K, used 70150K [0x19350000, 0x23e00000, 0x43e00000)
   the space 174784K,  40% used [0x19350000, 0x1d7d19e0, 0x1d7d1a00, 0x23e00000)
 Metaspace       used 53676K, capacity 56853K, committed 56896K, reserved 57728K
}
Event: 85.799 GC heap before
{Heap before GC invocations=10 (full 4):
 def new generation   total 78784K, used 49552K [0x03e00000, 0x09370000, 0x19350000)
  eden space 70080K,  70% used [0x03e00000, 0x06e64070, 0x08270000)
  from space 8704K,   0% used [0x08270000, 0x08270000, 0x08af0000)
  to   space 8704K,   0% used [0x08af0000, 0x08af0000, 0x09370000)
 tenured generation   total 174784K, used 70150K [0x19350000, 0x23e00000, 0x43e00000)
   the space 174784K,  40% used [0x19350000, 0x1d7d19e0, 0x1d7d1a00, 0x23e00000)
 Metaspace       used 54087K, capacity 57278K, committed 57408K, reserved 57728K
Event: 86.128 GC heap after
Heap after GC invocations=11 (full 5):
 def new generation   total 78784K, used 0K [0x03e00000, 0x09370000, 0x19350000)
  eden space 70080K,   0% used [0x03e00000, 0x03e00000, 0x08270000)
  from space 8704K,   0% used [0x08270000, 0x08270000, 0x08af0000)
  to   space 8704K,   0% used [0x08af0000, 0x08af0000, 0x09370000)
 tenured generation   total 174784K, used 71760K [0x19350000, 0x23e00000, 0x43e00000)
   the space 174784K,  41% used [0x19350000, 0x1d9641f8, 0x1d964200, 0x23e00000)
 Metaspace       used 54087K, capacity 57278K, committed 57408K, reserved 57728K
}
Event: 145.810 GC heap before
{Heap before GC invocations=11 (full 5):
 def new generation   total 78784K, used 35132K [0x03e00000, 0x09370000, 0x19350000)
  eden space 70080K,  50% used [0x03e00000, 0x0604f3d0, 0x08270000)
  from space 8704K,   0% used [0x08270000, 0x08270000, 0x08af0000)
  to   space 8704K,   0% used [0x08af0000, 0x08af0000, 0x09370000)
 tenured generation   total 174784K, used 71760K [0x19350000, 0x23e00000, 0x43e00000)
   the space 174784K,  41% used [0x19350000, 0x1d9641f8, 0x1d964200, 0x23e00000)
 Metaspace       used 55358K, capacity 58654K, committed 58752K, reserved 58752K

