<?xml version="1.0" encoding="UTF-8"?>
<testng-results skipped="0" failed="0" total="1" passed="1">
  <reporter-output>
  </reporter-output>
  <suite name="Default suite" duration-ms="23678" started-at="2015-12-15T02:03:49Z" finished-at="2015-12-15T02:04:13Z">
    <groups>
    </groups>
    <test name="Default test" duration-ms="23678" started-at="2015-12-15T02:03:49Z" finished-at="2015-12-15T02:04:13Z">
      <class name="com.facebook.test.facebookSignUp">
        <test-method status="PASS" signature="setUp()[pri:0, instance:com.facebook.test.facebookSignUp@1a25848]" name="setUp" is-config="true" duration-ms="18946" started-at="2015-12-14T21:03:49Z" finished-at="2015-12-14T21:04:08Z">
          <reporter-output>
          </reporter-output>
        </test-method> <!-- setUp -->
        <test-method status="PASS" signature="signUpTest()[pri:0, instance:com.facebook.test.facebookSignUp@1a25848]" name="signUpTest" duration-ms="4701" started-at="2015-12-14T21:04:08Z" finished-at="2015-12-14T21:04:13Z">
          <reporter-output>
          </reporter-output>
        </test-method> <!-- signUpTest -->
        <test-method status="PASS" signature="tearDown()[pri:0, instance:com.facebook.test.facebookSignUp@1a25848]" name="tearDown" is-config="true" duration-ms="1" started-at="2015-12-14T21:04:13Z" finished-at="2015-12-14T21:04:13Z">
          <reporter-output>
          </reporter-output>
        </test-method> <!-- tearDown -->
      </class> <!-- com.facebook.test.facebookSignUp -->
    </test> <!-- Default test -->
  </suite> <!-- Default suite -->
</testng-results>
